<?xml version="1.0" encoding="UTF-8"?>
<testng-results skipped="0" failed="0" ignored="3" total="4" passed="1">
  <reporter-output>
  </reporter-output>
  <suite name="Suite1" duration-ms="10263" started-at="2020-06-16T15:49:07Z" finished-at="2020-06-16T15:49:17Z">
    <groups>
      <group name="ForeignCountry">
        <method signature="TestSet1_DeliverToScenarios.changeLocationForeignCountry()[pri:0, instance:tests.TestSet1_DeliverToScenarios@6d86b085]" name="changeLocationForeignCountry" class="tests.TestSet1_DeliverToScenarios"/>
      </group> <!-- ForeignCountry -->
    </groups>
    <test name="TEST 1" duration-ms="10263" started-at="2020-06-16T15:49:07Z" finished-at="2020-06-16T15:49:17Z">
      <class name="tests.TestSet1_DeliverToScenarios">
        <test-method status="PASS" signature="beforeSuite()[pri:0, instance:tests.TestSet1_DeliverToScenarios@6d86b085]" name="beforeSuite" is-config="true" duration-ms="7150" started-at="2020-06-16T15:49:00Z" finished-at="2020-06-16T15:49:07Z">
          <reporter-output>
          </reporter-output>
        </test-method> <!-- beforeSuite -->
        <test-method status="PASS" signature="changeLocationForeignCountry()[pri:0, instance:tests.TestSet1_DeliverToScenarios@6d86b085]" name="changeLocationForeignCountry" duration-ms="7806" started-at="2020-06-16T15:49:07Z" finished-at="2020-06-16T15:49:15Z">
          <reporter-output>
          </reporter-output>
        </test-method> <!-- changeLocationForeignCountry -->
        <test-method status="PASS" signature="siteRefresh()[pri:0, instance:tests.TestSet1_DeliverToScenarios@6d86b085]" name="siteRefresh" is-config="true" duration-ms="2373" started-at="2020-06-16T15:49:15Z" finished-at="2020-06-16T15:49:17Z">
          <reporter-output>
          </reporter-output>
        </test-method> <!-- siteRefresh -->
        <test-method status="PASS" signature="afterSuite()[pri:0, instance:tests.TestSet1_DeliverToScenarios@6d86b085]" name="afterSuite" is-config="true" duration-ms="1264" started-at="2020-06-16T15:49:18Z" finished-at="2020-06-16T15:49:19Z">
          <reporter-output>
          </reporter-output>
        </test-method> <!-- afterSuite -->
      </class> <!-- tests.TestSet1_DeliverToScenarios -->
    </test> <!-- TEST 1 -->
  </suite> <!-- Suite1 -->
</testng-results>
